2015-03-22 17:24:57 - PHP Notice:  Undefined variable: search in C:\xampp\htdocs\opencart\catalog\view\theme\default\template\common\home.tpl on line 4
2015-03-22 17:43:50 - PHP Notice:  Undefined variable: direction in C:\xampp\htdocs\opencart\catalog\view\theme\default\template\common\header.tpl on line 3
2015-03-22 17:43:50 - PHP Notice:  Undefined variable: lang in C:\xampp\htdocs\opencart\catalog\view\theme\default\template\common\header.tpl on line 3
2015-03-22 17:43:50 - PHP Notice:  Undefined variable: direction in C:\xampp\htdocs\opencart\catalog\view\theme\default\template\common\header.tpl on line 4
2015-03-22 17:43:50 - PHP Notice:  Undefined variable: lang in C:\xampp\htdocs\opencart\catalog\view\theme\default\template\common\header.tpl on line 4
2015-03-22 17:43:50 - PHP Notice:  Undefined variable: direction in C:\xampp\htdocs\opencart\catalog\view\theme\default\template\common\header.tpl on line 6
2015-03-22 17:43:50 - PHP Notice:  Undefined variable: lang in C:\xampp\htdocs\opencart\catalog\view\theme\default\template\common\header.tpl on line 6
2015-03-22 17:43:50 - PHP Notice:  Undefined variable: title in C:\xampp\htdocs\opencart\catalog\view\theme\default\template\common\header.tpl on line 11
2015-03-22 17:43:50 - PHP Notice:  Undefined variable: base in C:\xampp\htdocs\opencart\catalog\view\theme\default\template\common\header.tpl on line 12
2015-03-22 17:43:50 - PHP Notice:  Undefined variable: description in C:\xampp\htdocs\opencart\catalog\view\theme\default\template\common\header.tpl on line 13
2015-03-22 17:43:50 - PHP Notice:  Undefined variable: keywords in C:\xampp\htdocs\opencart\catalog\view\theme\default\template\common\header.tpl on line 16
2015-03-22 17:43:50 - PHP Notice:  Undefined variable: icon in C:\xampp\htdocs\opencart\catalog\view\theme\default\template\common\header.tpl on line 20
2015-03-22 17:43:50 - PHP Notice:  Undefined variable: links in C:\xampp\htdocs\opencart\catalog\view\theme\default\template\common\header.tpl on line 23
2015-03-22 17:43:50 - PHP Warning:  Invalid argument supplied for foreach() in C:\xampp\htdocs\opencart\catalog\view\theme\default\template\common\header.tpl on line 23
2015-03-22 17:43:50 - PHP Notice:  Undefined variable: styles in C:\xampp\htdocs\opencart\catalog\view\theme\default\template\common\header.tpl on line 32
2015-03-22 17:43:50 - PHP Warning:  Invalid argument supplied for foreach() in C:\xampp\htdocs\opencart\catalog\view\theme\default\template\common\header.tpl on line 32
2015-03-22 17:43:50 - PHP Notice:  Undefined variable: scripts in C:\xampp\htdocs\opencart\catalog\view\theme\default\template\common\header.tpl on line 36
2015-03-22 17:43:50 - PHP Warning:  Invalid argument supplied for foreach() in C:\xampp\htdocs\opencart\catalog\view\theme\default\template\common\header.tpl on line 36
2015-03-22 17:43:50 - PHP Notice:  Undefined variable: google_analytics in C:\xampp\htdocs\opencart\catalog\view\theme\default\template\common\header.tpl on line 39
2015-03-22 17:43:50 - PHP Notice:  Undefined variable: class in C:\xampp\htdocs\opencart\catalog\view\theme\default\template\common\header.tpl on line 41
2015-03-22 17:43:50 - PHP Notice:  Undefined variable: logo in C:\xampp\htdocs\opencart\catalog\view\theme\default\template\common\header.tpl on line 46
2015-03-22 17:43:50 - PHP Notice:  Undefined variable: home in C:\xampp\htdocs\opencart\catalog\view\theme\default\template\common\header.tpl on line 49
2015-03-22 17:43:50 - PHP Notice:  Undefined variable: name in C:\xampp\htdocs\opencart\catalog\view\theme\default\template\common\header.tpl on line 49
2015-03-22 17:43:50 - PHP Notice:  Undefined variable: currency in C:\xampp\htdocs\opencart\catalog\view\theme\default\template\common\header.tpl on line 55
2015-03-22 17:43:50 - PHP Notice:  Undefined variable: currency in C:\xampp\htdocs\opencart\catalog\view\theme\default\template\common\header.tpl on line 56
2015-03-22 17:43:50 - PHP Notice:  Undefined variable: account in C:\xampp\htdocs\opencart\catalog\view\theme\default\template\common\header.tpl on line 57
2015-03-22 17:43:50 - PHP Notice:  Undefined variable: text_account in C:\xampp\htdocs\opencart\catalog\view\theme\default\template\common\header.tpl on line 57
2015-03-22 17:43:50 - PHP Notice:  Undefined variable: text_account in C:\xampp\htdocs\opencart\catalog\view\theme\default\template\common\header.tpl on line 57
2015-03-22 17:43:50 - PHP Notice:  Undefined variable: logged in C:\xampp\htdocs\opencart\catalog\view\theme\default\template\common\header.tpl on line 59
2015-03-22 17:43:50 - PHP Notice:  Undefined variable: register in C:\xampp\htdocs\opencart\catalog\view\theme\default\template\common\header.tpl on line 66
2015-03-22 17:43:50 - PHP Notice:  Undefined variable: text_register in C:\xampp\htdocs\opencart\catalog\view\theme\default\template\common\header.tpl on line 66
2015-03-22 17:43:50 - PHP Notice:  Undefined variable: login in C:\xampp\htdocs\opencart\catalog\view\theme\default\template\common\header.tpl on line 67
2015-03-22 17:43:50 - PHP Notice:  Undefined variable: text_login in C:\xampp\htdocs\opencart\catalog\view\theme\default\template\common\header.tpl on line 67
2015-03-22 17:43:50 - PHP Notice:  Undefined variable: contact in C:\xampp\htdocs\opencart\catalog\view\theme\default\template\common\header.tpl on line 72
2015-03-22 17:43:50 - PHP Notice:  Undefined variable: telephone in C:\xampp\htdocs\opencart\catalog\view\theme\default\template\common\header.tpl on line 72
2015-03-22 17:43:50 - PHP Notice:  Undefined variable: wishlist in C:\xampp\htdocs\opencart\catalog\view\theme\default\template\common\header.tpl on line 73
2015-03-22 17:43:50 - PHP Notice:  Undefined variable: text_wishlist in C:\xampp\htdocs\opencart\catalog\view\theme\default\template\common\header.tpl on line 73
2015-03-22 17:43:50 - PHP Notice:  Undefined variable: text_wishlist in C:\xampp\htdocs\opencart\catalog\view\theme\default\template\common\header.tpl on line 73
2015-03-22 17:43:50 - PHP Notice:  Undefined variable: shopping_cart in C:\xampp\htdocs\opencart\catalog\view\theme\default\template\common\header.tpl on line 74
2015-03-22 17:43:50 - PHP Notice:  Undefined variable: text_shopping_cart in C:\xampp\htdocs\opencart\catalog\view\theme\default\template\common\header.tpl on line 74
2015-03-22 17:43:50 - PHP Notice:  Undefined variable: text_shopping_cart in C:\xampp\htdocs\opencart\catalog\view\theme\default\template\common\header.tpl on line 74
2015-03-22 17:43:50 - PHP Notice:  Undefined variable: checkout in C:\xampp\htdocs\opencart\catalog\view\theme\default\template\common\header.tpl on line 75
2015-03-22 17:43:50 - PHP Notice:  Undefined variable: text_checkout in C:\xampp\htdocs\opencart\catalog\view\theme\default\template\common\header.tpl on line 75
2015-03-22 17:43:50 - PHP Notice:  Undefined variable: text_checkout in C:\xampp\htdocs\opencart\catalog\view\theme\default\template\common\header.tpl on line 75
2015-03-22 17:43:50 - PHP Notice:  Undefined variable: cart in C:\xampp\htdocs\opencart\catalog\view\theme\default\template\common\header.tpl on line 85
2015-03-22 17:43:50 - PHP Notice:  Undefined variable: categories in C:\xampp\htdocs\opencart\catalog\view\theme\default\template\common\header.tpl on line 89
2015-03-22 17:43:50 - PHP Notice:  Undefined variable: search in C:\xampp\htdocs\opencart\catalog\view\theme\default\template\common\header.tpl on line 84
2015-03-22 17:43:50 - PHP Notice:  Undefined variable: search in C:\xampp\htdocs\opencart\catalog\view\theme\default\template\common\header.tpl on line 124
2015-03-22 17:43:50 - PHP Notice:  Undefined variable: search in C:\xampp\htdocs\opencart\catalog\view\theme\default\template\common\home.tpl on line 4
2015-03-22 18:30:15 - PHP Notice:  Undefined variable: class in C:\xampp\htdocs\opencart\catalog\view\theme\default\template\product\product.tpl on line 9
2015-03-22 18:30:15 - PHP Notice:  Undefined variable: class in C:\xampp\htdocs\opencart\catalog\view\theme\default\template\product\product.tpl on line 9
2015-03-22 19:19:12 - PHP Notice:  Undefined variable: product in C:\xampp\htdocs\opencart\catalog\view\theme\default\template\product\search.tpl on line 75
2015-03-22 19:19:12 - PHP Notice:  Undefined variable: product in C:\xampp\htdocs\opencart\catalog\view\theme\default\template\product\search.tpl on line 75
2015-03-22 19:19:12 - PHP Notice:  Undefined variable: product in C:\xampp\htdocs\opencart\catalog\view\theme\default\template\product\search.tpl on line 75
2015-03-22 19:19:12 - PHP Notice:  Undefined variable: product in C:\xampp\htdocs\opencart\catalog\view\theme\default\template\product\search.tpl on line 75
2015-03-22 19:19:12 - PHP Notice:  Undefined variable: product in C:\xampp\htdocs\opencart\catalog\view\theme\default\template\product\search.tpl on line 75
2015-03-22 19:23:47 - PHP Notice:  Undefined variable: option in C:\xampp\htdocs\opencart\catalog\view\theme\default\template\common\home.tpl on line 12
2015-03-22 19:23:47 - PHP Notice:  Undefined variable: option in C:\xampp\htdocs\opencart\catalog\view\theme\default\template\common\home.tpl on line 13
2015-03-22 19:23:47 - PHP Notice:  Undefined variable: option in C:\xampp\htdocs\opencart\catalog\view\theme\default\template\common\home.tpl on line 13
2015-03-22 19:23:47 - PHP Notice:  Undefined variable: option in C:\xampp\htdocs\opencart\catalog\view\theme\default\template\common\home.tpl on line 15
2015-03-22 19:23:47 - PHP Notice:  Undefined variable: option in C:\xampp\htdocs\opencart\catalog\view\theme\default\template\common\home.tpl on line 15
2015-03-22 19:23:47 - PHP Notice:  Undefined variable: option in C:\xampp\htdocs\opencart\catalog\view\theme\default\template\common\home.tpl on line 15
2015-03-23 6:56:59 - PHP Notice:  Undefined variable: search in C:\xampp\htdocs\opencart\catalog\view\theme\default\template\common\home.tpl on line 10
2015-03-23 7:26:51 - PHP Notice:  Undefined variable: class in C:\xampp\htdocs\opencart\catalog\view\theme\default\template\common\header.tpl on line 41
2015-03-23 7:26:54 - PHP Notice:  Undefined variable: class in C:\xampp\htdocs\opencart\catalog\view\theme\default\template\common\header.tpl on line 41
2015-03-23 7:26:56 - PHP Notice:  Undefined variable: class in C:\xampp\htdocs\opencart\catalog\view\theme\default\template\common\header.tpl on line 41
2015-03-23 7:26:57 - PHP Notice:  Undefined variable: class in C:\xampp\htdocs\opencart\catalog\view\theme\default\template\common\header.tpl on line 41
2015-03-23 7:27:07 - PHP Notice:  Undefined variable: class in C:\xampp\htdocs\opencart\catalog\view\theme\default\template\common\header.tpl on line 41
2015-03-23 7:27:07 - PHP Notice:  Undefined variable: categories in C:\xampp\htdocs\opencart\catalog\view\theme\default\template\common\header.tpl on line 89
2015-03-23 7:27:09 - PHP Notice:  Undefined variable: class in C:\xampp\htdocs\opencart\catalog\view\theme\default\template\common\header.tpl on line 41
2015-03-23 7:27:09 - PHP Notice:  Undefined variable: categories in C:\xampp\htdocs\opencart\catalog\view\theme\default\template\common\header.tpl on line 89
2015-03-23 7:27:13 - PHP Notice:  Undefined variable: class in C:\xampp\htdocs\opencart\catalog\view\theme\default\template\common\header.tpl on line 41
2015-03-23 7:27:13 - PHP Notice:  Undefined variable: categories in C:\xampp\htdocs\opencart\catalog\view\theme\default\template\common\header.tpl on line 89
2015-03-23 7:27:20 - PHP Notice:  Undefined variable: direction in C:\xampp\htdocs\opencart\catalog\view\theme\default\template\common\header.tpl on line 3
2015-03-23 7:27:20 - PHP Notice:  Undefined variable: lang in C:\xampp\htdocs\opencart\catalog\view\theme\default\template\common\header.tpl on line 3
2015-03-23 7:27:20 - PHP Notice:  Undefined variable: direction in C:\xampp\htdocs\opencart\catalog\view\theme\default\template\common\header.tpl on line 4
2015-03-23 7:27:20 - PHP Notice:  Undefined variable: lang in C:\xampp\htdocs\opencart\catalog\view\theme\default\template\common\header.tpl on line 4
2015-03-23 7:27:20 - PHP Notice:  Undefined variable: direction in C:\xampp\htdocs\opencart\catalog\view\theme\default\template\common\header.tpl on line 6
2015-03-23 7:27:20 - PHP Notice:  Undefined variable: lang in C:\xampp\htdocs\opencart\catalog\view\theme\default\template\common\header.tpl on line 6
2015-03-23 7:27:20 - PHP Notice:  Undefined variable: title in C:\xampp\htdocs\opencart\catalog\view\theme\default\template\common\header.tpl on line 11
2015-03-23 7:27:20 - PHP Notice:  Undefined variable: base in C:\xampp\htdocs\opencart\catalog\view\theme\default\template\common\header.tpl on line 12
2015-03-23 7:27:20 - PHP Notice:  Undefined variable: description in C:\xampp\htdocs\opencart\catalog\view\theme\default\template\common\header.tpl on line 13
2015-03-23 7:27:20 - PHP Notice:  Undefined variable: keywords in C:\xampp\htdocs\opencart\catalog\view\theme\default\template\common\header.tpl on line 16
2015-03-23 7:27:20 - PHP Notice:  Undefined variable: icon in C:\xampp\htdocs\opencart\catalog\view\theme\default\template\common\header.tpl on line 20
2015-03-23 7:27:20 - PHP Notice:  Undefined variable: links in C:\xampp\htdocs\opencart\catalog\view\theme\default\template\common\header.tpl on line 23
2015-03-23 7:27:20 - PHP Warning:  Invalid argument supplied for foreach() in C:\xampp\htdocs\opencart\catalog\view\theme\default\template\common\header.tpl on line 23
2015-03-23 7:27:20 - PHP Notice:  Undefined variable: styles in C:\xampp\htdocs\opencart\catalog\view\theme\default\template\common\header.tpl on line 32
2015-03-23 7:27:20 - PHP Warning:  Invalid argument supplied for foreach() in C:\xampp\htdocs\opencart\catalog\view\theme\default\template\common\header.tpl on line 32
2015-03-23 7:27:20 - PHP Notice:  Undefined variable: scripts in C:\xampp\htdocs\opencart\catalog\view\theme\default\template\common\header.tpl on line 36
2015-03-23 7:27:20 - PHP Warning:  Invalid argument supplied for foreach() in C:\xampp\htdocs\opencart\catalog\view\theme\default\template\common\header.tpl on line 36
2015-03-23 7:27:20 - PHP Notice:  Undefined variable: google_analytics in C:\xampp\htdocs\opencart\catalog\view\theme\default\template\common\header.tpl on line 39
2015-03-23 7:27:20 - PHP Notice:  Undefined variable: class in C:\xampp\htdocs\opencart\catalog\view\theme\default\template\common\header.tpl on line 41
2015-03-23 7:27:20 - PHP Notice:  Undefined variable: logo in C:\xampp\htdocs\opencart\catalog\view\theme\default\template\common\header.tpl on line 46
2015-03-23 7:27:20 - PHP Notice:  Undefined variable: home in C:\xampp\htdocs\opencart\catalog\view\theme\default\template\common\header.tpl on line 49
2015-03-23 7:27:20 - PHP Notice:  Undefined variable: name in C:\xampp\htdocs\opencart\catalog\view\theme\default\template\common\header.tpl on line 49
2015-03-23 7:27:20 - PHP Notice:  Undefined variable: account in C:\xampp\htdocs\opencart\catalog\view\theme\default\template\common\header.tpl on line 57
2015-03-23 7:27:20 - PHP Notice:  Undefined variable: text_account in C:\xampp\htdocs\opencart\catalog\view\theme\default\template\common\header.tpl on line 57
2015-03-23 7:27:20 - PHP Notice:  Undefined variable: text_account in C:\xampp\htdocs\opencart\catalog\view\theme\default\template\common\header.tpl on line 57
2015-03-23 7:27:20 - PHP Notice:  Undefined variable: logged in C:\xampp\htdocs\opencart\catalog\view\theme\default\template\common\header.tpl on line 59
2015-03-23 7:27:20 - PHP Notice:  Undefined variable: register in C:\xampp\htdocs\opencart\catalog\view\theme\default\template\common\header.tpl on line 66
2015-03-23 7:27:20 - PHP Notice:  Undefined variable: text_register in C:\xampp\htdocs\opencart\catalog\view\theme\default\template\common\header.tpl on line 66
2015-03-23 7:27:20 - PHP Notice:  Undefined variable: login in C:\xampp\htdocs\opencart\catalog\view\theme\default\template\common\header.tpl on line 67
2015-03-23 7:27:20 - PHP Notice:  Undefined variable: text_login in C:\xampp\htdocs\opencart\catalog\view\theme\default\template\common\header.tpl on line 67
2015-03-23 7:27:20 - PHP Notice:  Undefined variable: contact in C:\xampp\htdocs\opencart\catalog\view\theme\default\template\common\header.tpl on line 72
2015-03-23 7:27:20 - PHP Notice:  Undefined variable: telephone in C:\xampp\htdocs\opencart\catalog\view\theme\default\template\common\header.tpl on line 72
2015-03-23 7:27:20 - PHP Notice:  Undefined variable: wishlist in C:\xampp\htdocs\opencart\catalog\view\theme\default\template\common\header.tpl on line 73
2015-03-23 7:27:20 - PHP Notice:  Undefined variable: text_wishlist in C:\xampp\htdocs\opencart\catalog\view\theme\default\template\common\header.tpl on line 73
2015-03-23 7:27:20 - PHP Notice:  Undefined variable: text_wishlist in C:\xampp\htdocs\opencart\catalog\view\theme\default\template\common\header.tpl on line 73
2015-03-23 7:27:20 - PHP Notice:  Undefined variable: shopping_cart in C:\xampp\htdocs\opencart\catalog\view\theme\default\template\common\header.tpl on line 74
2015-03-23 7:27:20 - PHP Notice:  Undefined variable: text_shopping_cart in C:\xampp\htdocs\opencart\catalog\view\theme\default\template\common\header.tpl on line 74
2015-03-23 7:27:20 - PHP Notice:  Undefined variable: text_shopping_cart in C:\xampp\htdocs\opencart\catalog\view\theme\default\template\common\header.tpl on line 74
2015-03-23 7:27:20 - PHP Notice:  Undefined variable: checkout in C:\xampp\htdocs\opencart\catalog\view\theme\default\template\common\header.tpl on line 75
2015-03-23 7:27:20 - PHP Notice:  Undefined variable: text_checkout in C:\xampp\htdocs\opencart\catalog\view\theme\default\template\common\header.tpl on line 75
2015-03-23 7:27:20 - PHP Notice:  Undefined variable: text_checkout in C:\xampp\htdocs\opencart\catalog\view\theme\default\template\common\header.tpl on line 75
2015-03-23 7:27:20 - PHP Notice:  Undefined variable: categories in C:\xampp\htdocs\opencart\catalog\view\theme\default\template\common\header.tpl on line 89
2015-03-23 7:27:34 - PHP Notice:  Undefined variable: class in C:\xampp\htdocs\opencart\catalog\view\theme\default\template\common\header.tpl on line 41
2015-03-23 7:27:34 - PHP Notice:  Undefined variable: categories in C:\xampp\htdocs\opencart\catalog\view\theme\default\template\common\header.tpl on line 89
2015-03-23 7:27:44 - PHP Notice:  Undefined variable: direction in C:\xampp\htdocs\opencart\catalog\view\theme\default\template\common\header.tpl on line 3
2015-03-23 7:27:44 - PHP Notice:  Undefined variable: lang in C:\xampp\htdocs\opencart\catalog\view\theme\default\template\common\header.tpl on line 3
2015-03-23 7:27:44 - PHP Notice:  Undefined variable: direction in C:\xampp\htdocs\opencart\catalog\view\theme\default\template\common\header.tpl on line 4
2015-03-23 7:27:44 - PHP Notice:  Undefined variable: lang in C:\xampp\htdocs\opencart\catalog\view\theme\default\template\common\header.tpl on line 4
2015-03-23 7:27:44 - PHP Notice:  Undefined variable: direction in C:\xampp\htdocs\opencart\catalog\view\theme\default\template\common\header.tpl on line 6
2015-03-23 7:27:44 - PHP Notice:  Undefined variable: lang in C:\xampp\htdocs\opencart\catalog\view\theme\default\template\common\header.tpl on line 6
2015-03-23 7:27:44 - PHP Notice:  Undefined variable: base in C:\xampp\htdocs\opencart\catalog\view\theme\default\template\common\header.tpl on line 12
2015-03-23 7:27:44 - PHP Notice:  Undefined variable: description in C:\xampp\htdocs\opencart\catalog\view\theme\default\template\common\header.tpl on line 13
2015-03-23 7:27:44 - PHP Notice:  Undefined variable: keywords in C:\xampp\htdocs\opencart\catalog\view\theme\default\template\common\header.tpl on line 16
2015-03-23 7:27:44 - PHP Notice:  Undefined variable: links in C:\xampp\htdocs\opencart\catalog\view\theme\default\template\common\header.tpl on line 23
2015-03-23 7:27:44 - PHP Warning:  Invalid argument supplied for foreach() in C:\xampp\htdocs\opencart\catalog\view\theme\default\template\common\header.tpl on line 23
2015-03-23 7:27:44 - PHP Notice:  Undefined variable: styles in C:\xampp\htdocs\opencart\catalog\view\theme\default\template\common\header.tpl on line 32
2015-03-23 7:27:44 - PHP Warning:  Invalid argument supplied for foreach() in C:\xampp\htdocs\opencart\catalog\view\theme\default\template\common\header.tpl on line 32
2015-03-23 7:27:44 - PHP Notice:  Undefined variable: scripts in C:\xampp\htdocs\opencart\catalog\view\theme\default\template\common\header.tpl on line 36
2015-03-23 7:27:44 - PHP Warning:  Invalid argument supplied for foreach() in C:\xampp\htdocs\opencart\catalog\view\theme\default\template\common\header.tpl on line 36
2015-03-23 7:27:44 - PHP Notice:  Undefined variable: google_analytics in C:\xampp\htdocs\opencart\catalog\view\theme\default\template\common\header.tpl on line 39
2015-03-23 7:27:44 - PHP Notice:  Undefined variable: class in C:\xampp\htdocs\opencart\catalog\view\theme\default\template\common\header.tpl on line 41
2015-03-23 7:27:44 - PHP Notice:  Undefined variable: name in C:\xampp\htdocs\opencart\catalog\view\theme\default\template\common\header.tpl on line 47
2015-03-23 7:27:44 - PHP Notice:  Undefined variable: name in C:\xampp\htdocs\opencart\catalog\view\theme\default\template\common\header.tpl on line 47
2015-03-23 7:27:44 - PHP Notice:  Undefined variable: categories in C:\xampp\htdocs\opencart\catalog\view\theme\default\template\common\header.tpl on line 89
2015-03-23 7:27:52 - PHP Notice:  Undefined variable: links in C:\xampp\htdocs\opencart\catalog\view\theme\default\template\common\header.tpl on line 23
2015-03-23 7:27:52 - PHP Warning:  Invalid argument supplied for foreach() in C:\xampp\htdocs\opencart\catalog\view\theme\default\template\common\header.tpl on line 23
2015-03-23 7:27:52 - PHP Notice:  Undefined variable: styles in C:\xampp\htdocs\opencart\catalog\view\theme\default\template\common\header.tpl on line 32
2015-03-23 7:27:52 - PHP Warning:  Invalid argument supplied for foreach() in C:\xampp\htdocs\opencart\catalog\view\theme\default\template\common\header.tpl on line 32
2015-03-23 7:27:52 - PHP Notice:  Undefined variable: class in C:\xampp\htdocs\opencart\catalog\view\theme\default\template\common\header.tpl on line 41
2015-03-23 7:27:52 - PHP Notice:  Undefined variable: categories in C:\xampp\htdocs\opencart\catalog\view\theme\default\template\common\header.tpl on line 89
2015-03-23 7:27:54 - PHP Notice:  Undefined variable: links in C:\xampp\htdocs\opencart\catalog\view\theme\default\template\common\header.tpl on line 23
2015-03-23 7:27:54 - PHP Warning:  Invalid argument supplied for foreach() in C:\xampp\htdocs\opencart\catalog\view\theme\default\template\common\header.tpl on line 23
2015-03-23 7:27:54 - PHP Notice:  Undefined variable: styles in C:\xampp\htdocs\opencart\catalog\view\theme\default\template\common\header.tpl on line 32
2015-03-23 7:27:54 - PHP Warning:  Invalid argument supplied for foreach() in C:\xampp\htdocs\opencart\catalog\view\theme\default\template\common\header.tpl on line 32
2015-03-23 7:27:54 - PHP Notice:  Undefined variable: class in C:\xampp\htdocs\opencart\catalog\view\theme\default\template\common\header.tpl on line 41
2015-03-23 7:27:54 - PHP Notice:  Undefined variable: categories in C:\xampp\htdocs\opencart\catalog\view\theme\default\template\common\header.tpl on line 89
2015-03-23 7:27:56 - PHP Notice:  Undefined variable: links in C:\xampp\htdocs\opencart\catalog\view\theme\default\template\common\header.tpl on line 23
2015-03-23 7:27:56 - PHP Warning:  Invalid argument supplied for foreach() in C:\xampp\htdocs\opencart\catalog\view\theme\default\template\common\header.tpl on line 23
2015-03-23 7:27:56 - PHP Notice:  Undefined variable: styles in C:\xampp\htdocs\opencart\catalog\view\theme\default\template\common\header.tpl on line 32
2015-03-23 7:27:56 - PHP Warning:  Invalid argument supplied for foreach() in C:\xampp\htdocs\opencart\catalog\view\theme\default\template\common\header.tpl on line 32
2015-03-23 7:27:56 - PHP Notice:  Undefined variable: class in C:\xampp\htdocs\opencart\catalog\view\theme\default\template\common\header.tpl on line 41
2015-03-23 7:27:56 - PHP Notice:  Undefined variable: categories in C:\xampp\htdocs\opencart\catalog\view\theme\default\template\common\header.tpl on line 89
2015-03-23 7:28:02 - PHP Notice:  Undefined variable: base in C:\xampp\htdocs\opencart\catalog\view\theme\default\template\common\header.tpl on line 12
2015-03-23 7:28:02 - PHP Notice:  Undefined variable: class in C:\xampp\htdocs\opencart\catalog\view\theme\default\template\common\header.tpl on line 41
2015-03-23 7:28:02 - PHP Notice:  Undefined variable: categories in C:\xampp\htdocs\opencart\catalog\view\theme\default\template\common\header.tpl on line 89
2015-03-23 7:28:30 - PHP Notice:  Undefined variable: class in C:\xampp\htdocs\opencart\catalog\view\theme\default\template\common\header.tpl on line 41
2015-03-23 7:28:30 - PHP Notice:  Undefined variable: categories in C:\xampp\htdocs\opencart\catalog\view\theme\default\template\common\header.tpl on line 89
2015-03-23 7:28:37 - PHP Notice:  Undefined variable: class in C:\xampp\htdocs\opencart\catalog\view\theme\default\template\common\header.tpl on line 41
2015-03-23 7:28:37 - PHP Notice:  Undefined variable: home in C:\xampp\htdocs\opencart\catalog\view\theme\default\template\common\header.tpl on line 47
2015-03-23 7:28:37 - PHP Notice:  Undefined variable: account in C:\xampp\htdocs\opencart\catalog\view\theme\default\template\common\header.tpl on line 57
2015-03-23 7:28:37 - PHP Notice:  Undefined variable: logged in C:\xampp\htdocs\opencart\catalog\view\theme\default\template\common\header.tpl on line 59
2015-03-23 7:28:37 - PHP Notice:  Undefined variable: register in C:\xampp\htdocs\opencart\catalog\view\theme\default\template\common\header.tpl on line 66
2015-03-23 7:28:37 - PHP Notice:  Undefined variable: login in C:\xampp\htdocs\opencart\catalog\view\theme\default\template\common\header.tpl on line 67
2015-03-23 7:28:37 - PHP Notice:  Undefined variable: contact in C:\xampp\htdocs\opencart\catalog\view\theme\default\template\common\header.tpl on line 72
2015-03-23 7:28:37 - PHP Notice:  Undefined variable: telephone in C:\xampp\htdocs\opencart\catalog\view\theme\default\template\common\header.tpl on line 72
2015-03-23 7:28:37 - PHP Notice:  Undefined variable: wishlist in C:\xampp\htdocs\opencart\catalog\view\theme\default\template\common\header.tpl on line 73
2015-03-23 7:28:37 - PHP Notice:  Undefined variable: shopping_cart in C:\xampp\htdocs\opencart\catalog\view\theme\default\template\common\header.tpl on line 74
2015-03-23 7:28:37 - PHP Notice:  Undefined variable: checkout in C:\xampp\htdocs\opencart\catalog\view\theme\default\template\common\header.tpl on line 75
2015-03-23 7:28:37 - PHP Notice:  Undefined variable: categories in C:\xampp\htdocs\opencart\catalog\view\theme\default\template\common\header.tpl on line 89
2015-03-23 7:28:39 - PHP Notice:  Undefined variable: class in C:\xampp\htdocs\opencart\catalog\view\theme\default\template\common\header.tpl on line 41
2015-03-23 7:28:39 - PHP Notice:  Undefined variable: home in C:\xampp\htdocs\opencart\catalog\view\theme\default\template\common\header.tpl on line 47
2015-03-23 7:28:39 - PHP Notice:  Undefined variable: account in C:\xampp\htdocs\opencart\catalog\view\theme\default\template\common\header.tpl on line 57
2015-03-23 7:28:39 - PHP Notice:  Undefined variable: logged in C:\xampp\htdocs\opencart\catalog\view\theme\default\template\common\header.tpl on line 59
2015-03-23 7:28:39 - PHP Notice:  Undefined variable: register in C:\xampp\htdocs\opencart\catalog\view\theme\default\template\common\header.tpl on line 66
2015-03-23 7:28:39 - PHP Notice:  Undefined variable: login in C:\xampp\htdocs\opencart\catalog\view\theme\default\template\common\header.tpl on line 67
2015-03-23 7:28:39 - PHP Notice:  Undefined variable: contact in C:\xampp\htdocs\opencart\catalog\view\theme\default\template\common\header.tpl on line 72
2015-03-23 7:28:39 - PHP Notice:  Undefined variable: telephone in C:\xampp\htdocs\opencart\catalog\view\theme\default\template\common\header.tpl on line 72
2015-03-23 7:28:39 - PHP Notice:  Undefined variable: wishlist in C:\xampp\htdocs\opencart\catalog\view\theme\default\template\common\header.tpl on line 73
2015-03-23 7:28:39 - PHP Notice:  Undefined variable: shopping_cart in C:\xampp\htdocs\opencart\catalog\view\theme\default\template\common\header.tpl on line 74
2015-03-23 7:28:39 - PHP Notice:  Undefined variable: checkout in C:\xampp\htdocs\opencart\catalog\view\theme\default\template\common\header.tpl on line 75
2015-03-23 7:28:39 - PHP Notice:  Undefined variable: categories in C:\xampp\htdocs\opencart\catalog\view\theme\default\template\common\header.tpl on line 89
2015-03-23 7:28:41 - PHP Notice:  Undefined variable: class in C:\xampp\htdocs\opencart\catalog\view\theme\default\template\common\header.tpl on line 41
2015-03-23 7:28:41 - PHP Notice:  Undefined variable: home in C:\xampp\htdocs\opencart\catalog\view\theme\default\template\common\header.tpl on line 47
2015-03-23 7:28:41 - PHP Notice:  Undefined variable: account in C:\xampp\htdocs\opencart\catalog\view\theme\default\template\common\header.tpl on line 57
2015-03-23 7:28:41 - PHP Notice:  Undefined variable: logged in C:\xampp\htdocs\opencart\catalog\view\theme\default\template\common\header.tpl on line 59
2015-03-23 7:28:41 - PHP Notice:  Undefined variable: register in C:\xampp\htdocs\opencart\catalog\view\theme\default\template\common\header.tpl on line 66
2015-03-23 7:28:41 - PHP Notice:  Undefined variable: login in C:\xampp\htdocs\opencart\catalog\view\theme\default\template\common\header.tpl on line 67
2015-03-23 7:28:41 - PHP Notice:  Undefined variable: contact in C:\xampp\htdocs\opencart\catalog\view\theme\default\template\common\header.tpl on line 72
2015-03-23 7:28:41 - PHP Notice:  Undefined variable: telephone in C:\xampp\htdocs\opencart\catalog\view\theme\default\template\common\header.tpl on line 72
2015-03-23 7:28:41 - PHP Notice:  Undefined variable: wishlist in C:\xampp\htdocs\opencart\catalog\view\theme\default\template\common\header.tpl on line 73
2015-03-23 7:28:41 - PHP Notice:  Undefined variable: shopping_cart in C:\xampp\htdocs\opencart\catalog\view\theme\default\template\common\header.tpl on line 74
2015-03-23 7:28:41 - PHP Notice:  Undefined variable: checkout in C:\xampp\htdocs\opencart\catalog\view\theme\default\template\common\header.tpl on line 75
2015-03-23 7:28:41 - PHP Notice:  Undefined variable: categories in C:\xampp\htdocs\opencart\catalog\view\theme\default\template\common\header.tpl on line 89
2015-03-23 7:49:47 - PHP Notice:  Undefined variable: class in C:\xampp\htdocs\opencart\catalog\controller\product\search.php on line 14
2015-03-23 7:55:55 - PHP Notice:  Undefined variable: class in C:\xampp\htdocs\opencart\catalog\view\theme\default\template\common\header.tpl on line 41
2015-03-23 7:55:58 - PHP Notice:  Undefined variable: class in C:\xampp\htdocs\opencart\catalog\view\theme\default\template\common\header.tpl on line 41
2015-03-23 7:56:16 - PHP Notice:  Undefined variable: class in C:\xampp\htdocs\opencart\catalog\view\theme\default\template\common\header.tpl on line 41
2015-03-23 7:56:20 - PHP Notice:  Undefined variable: class in C:\xampp\htdocs\opencart\catalog\view\theme\default\template\common\header.tpl on line 41
2015-03-23 7:56:22 - PHP Notice:  Undefined variable: class in C:\xampp\htdocs\opencart\catalog\view\theme\default\template\common\header.tpl on line 41
2015-03-23 7:57:11 - PHP Notice:  Undefined variable: search_home in C:\xampp\htdocs\opencart\catalog\view\theme\default\template\common\home.tpl on line 10
2015-03-23 7:57:18 - PHP Notice:  Undefined variable: search_home in C:\xampp\htdocs\opencart\catalog\view\theme\default\template\common\home.tpl on line 10
2015-03-23 8:15:37 - PHP Notice:  Undefined variable: header in C:\xampp\htdocs\opencart\catalog\view\theme\default\template\common\search_home.tpl on line 1
2015-03-23 8:15:37 - PHP Notice:  Undefined variable: breadcrumbs in C:\xampp\htdocs\opencart\catalog\view\theme\default\template\common\search_home.tpl on line 4
2015-03-23 8:15:37 - PHP Warning:  Invalid argument supplied for foreach() in C:\xampp\htdocs\opencart\catalog\view\theme\default\template\common\search_home.tpl on line 4
2015-03-23 8:15:37 - PHP Notice:  Undefined variable: column_left in C:\xampp\htdocs\opencart\catalog\view\theme\default\template\common\search_home.tpl on line 8
2015-03-23 8:15:37 - PHP Notice:  Undefined variable: column_left in C:\xampp\htdocs\opencart\catalog\view\theme\default\template\common\search_home.tpl on line 9
2015-03-23 8:15:37 - PHP Notice:  Undefined variable: column_left in C:\xampp\htdocs\opencart\catalog\view\theme\default\template\common\search_home.tpl on line 11
2015-03-23 8:15:37 - PHP Notice:  Undefined variable: column_right in C:\xampp\htdocs\opencart\catalog\view\theme\default\template\common\search_home.tpl on line 11
2015-03-23 8:15:37 - PHP Notice:  Undefined variable: content_top in C:\xampp\htdocs\opencart\catalog\view\theme\default\template\common\search_home.tpl on line 16
2015-03-23 8:15:37 - PHP Notice:  Undefined variable: heading_title in C:\xampp\htdocs\opencart\catalog\view\theme\default\template\common\search_home.tpl on line 18
2015-03-23 8:15:37 - PHP Notice:  Undefined variable: entry_search in C:\xampp\htdocs\opencart\catalog\view\theme\default\template\common\search_home.tpl on line 19
2015-03-23 8:15:37 - PHP Notice:  Undefined variable: text_keyword in C:\xampp\htdocs\opencart\catalog\view\theme\default\template\common\search_home.tpl on line 22
2015-03-23 8:15:37 - PHP Notice:  Undefined variable: text_category in C:\xampp\htdocs\opencart\catalog\view\theme\default\template\common\search_home.tpl on line 26
2015-03-23 8:15:37 - PHP Notice:  Undefined variable: categories in C:\xampp\htdocs\opencart\catalog\view\theme\default\template\common\search_home.tpl on line 27
2015-03-23 8:15:37 - PHP Warning:  Invalid argument supplied for foreach() in C:\xampp\htdocs\opencart\catalog\view\theme\default\template\common\search_home.tpl on line 27
2015-03-23 8:15:37 - PHP Notice:  Undefined variable: sub_category in C:\xampp\htdocs\opencart\catalog\view\theme\default\template\common\search_home.tpl on line 52
2015-03-23 8:15:37 - PHP Notice:  Undefined variable: text_sub_category in C:\xampp\htdocs\opencart\catalog\view\theme\default\template\common\search_home.tpl on line 57
2015-03-23 8:15:37 - PHP Notice:  Undefined variable: description in C:\xampp\htdocs\opencart\catalog\view\theme\default\template\common\search_home.tpl on line 62
2015-03-23 8:15:37 - PHP Notice:  Undefined variable: entry_description in C:\xampp\htdocs\opencart\catalog\view\theme\default\template\common\search_home.tpl on line 67
2015-03-23 8:15:37 - PHP Notice:  Undefined variable: button_search in C:\xampp\htdocs\opencart\catalog\view\theme\default\template\common\search_home.tpl on line 69
2015-03-23 8:15:37 - PHP Notice:  Undefined variable: products in C:\xampp\htdocs\opencart\catalog\view\theme\default\template\common\search_home.tpl on line 74
2015-03-23 8:15:37 - PHP Notice:  Undefined variable: text_empty in C:\xampp\htdocs\opencart\catalog\view\theme\default\template\common\search_home.tpl on line 158
2015-03-23 8:15:37 - PHP Notice:  Undefined variable: content_bottom in C:\xampp\htdocs\opencart\catalog\view\theme\default\template\common\search_home.tpl on line 160
2015-03-23 8:15:37 - PHP Notice:  Undefined variable: column_right in C:\xampp\htdocs\opencart\catalog\view\theme\default\template\common\search_home.tpl on line 161
2015-03-23 8:15:37 - PHP Notice:  Undefined variable: footer in C:\xampp\htdocs\opencart\catalog\view\theme\default\template\common\search_home.tpl on line 202
2015-03-23 8:17:14 - PHP Notice:  Undefined variable: class in C:\xampp\htdocs\opencart\catalog\view\theme\default\template\common\search_home.tpl on line 5
2015-03-23 8:17:14 - PHP Notice:  Undefined variable: content_top in C:\xampp\htdocs\opencart\catalog\view\theme\default\template\common\search_home.tpl on line 5
2015-03-23 8:17:14 - PHP Notice:  Undefined variable: heading_title in C:\xampp\htdocs\opencart\catalog\view\theme\default\template\common\search_home.tpl on line 7
2015-03-23 8:17:14 - PHP Notice:  Undefined variable: entry_search in C:\xampp\htdocs\opencart\catalog\view\theme\default\template\common\search_home.tpl on line 8
2015-03-23 8:17:14 - PHP Notice:  Undefined variable: text_keyword in C:\xampp\htdocs\opencart\catalog\view\theme\default\template\common\search_home.tpl on line 11
2015-03-23 8:17:14 - PHP Notice:  Undefined variable: button_search in C:\xampp\htdocs\opencart\catalog\view\theme\default\template\common\search_home.tpl on line 13
2015-03-23 8:17:14 - PHP Notice:  Undefined variable: products in C:\xampp\htdocs\opencart\catalog\view\theme\default\template\common\search_home.tpl on line 18
2015-03-23 8:17:14 - PHP Notice:  Undefined variable: text_empty in C:\xampp\htdocs\opencart\catalog\view\theme\default\template\common\search_home.tpl on line 102
2015-03-23 8:17:14 - PHP Notice:  Undefined variable: content_bottom in C:\xampp\htdocs\opencart\catalog\view\theme\default\template\common\search_home.tpl on line 104
2015-03-23 8:17:14 - PHP Notice:  Undefined variable: column_right in C:\xampp\htdocs\opencart\catalog\view\theme\default\template\common\search_home.tpl on line 105
2015-03-23 8:17:14 - PHP Notice:  Undefined variable: footer in C:\xampp\htdocs\opencart\catalog\view\theme\default\template\common\search_home.tpl on line 146
2015-03-23 8:18:35 - PHP Notice:  Undefined variable: class in C:\xampp\htdocs\opencart\catalog\view\theme\default\template\common\search_home.tpl on line 5
2015-03-23 8:18:35 - PHP Notice:  Undefined variable: content_top in C:\xampp\htdocs\opencart\catalog\view\theme\default\template\common\search_home.tpl on line 5
2015-03-23 8:18:35 - PHP Notice:  Undefined variable: heading_title in C:\xampp\htdocs\opencart\catalog\view\theme\default\template\common\search_home.tpl on line 7
2015-03-23 8:18:35 - PHP Notice:  Undefined variable: entry_search in C:\xampp\htdocs\opencart\catalog\view\theme\default\template\common\search_home.tpl on line 8
2015-03-23 8:18:35 - PHP Notice:  Undefined variable: text_keyword in C:\xampp\htdocs\opencart\catalog\view\theme\default\template\common\search_home.tpl on line 11
2015-03-23 8:18:35 - PHP Notice:  Undefined variable: button_search in C:\xampp\htdocs\opencart\catalog\view\theme\default\template\common\search_home.tpl on line 13
2015-03-23 8:21:55 - PHP Notice:  Undefined variable: option in C:\xampp\htdocs\opencart\catalog\view\theme\default\template\common\search_home.tpl on line 2
2015-03-23 8:21:55 - PHP Notice:  Undefined variable: option in C:\xampp\htdocs\opencart\catalog\view\theme\default\template\common\search_home.tpl on line 2
2015-03-23 8:21:55 - PHP Notice:  Undefined variable: option in C:\xampp\htdocs\opencart\catalog\view\theme\default\template\common\search_home.tpl on line 4
2015-03-23 8:21:55 - PHP Notice:  Undefined variable: option in C:\xampp\htdocs\opencart\catalog\view\theme\default\template\common\search_home.tpl on line 4
2015-03-23 8:21:55 - PHP Notice:  Undefined variable: option in C:\xampp\htdocs\opencart\catalog\view\theme\default\template\common\search_home.tpl on line 4
2015-03-23 8:22:47 - PHP Notice:  Undefined variable: option in C:\xampp\htdocs\opencart\catalog\view\theme\default\template\common\search_home.tpl on line 4
2015-03-23 8:22:47 - PHP Notice:  Undefined variable: option in C:\xampp\htdocs\opencart\catalog\view\theme\default\template\common\search_home.tpl on line 4
2015-03-23 8:23:51 - PHP Notice:  Undefined variable: product_id in C:\xampp\htdocs\opencart\catalog\view\theme\default\template\common\search_home.tpl on line 13
2015-03-23 8:24:21 - PHP Notice:  Undefined variable: product_id in C:\xampp\htdocs\opencart\catalog\view\theme\default\template\common\search_home.tpl on line 82
2015-03-23 8:24:21 - PHP Notice:  Undefined variable: product_id in C:\xampp\htdocs\opencart\catalog\view\theme\default\template\common\search_home.tpl on line 86
2015-03-23 8:25:07 - PHP Notice:  Undefined variable: product_id in C:\xampp\htdocs\opencart\catalog\view\theme\default\template\common\search_home.tpl on line 153
2015-03-23 8:25:07 - PHP Notice:  Undefined variable: product_id in C:\xampp\htdocs\opencart\catalog\view\theme\default\template\common\search_home.tpl on line 157
2015-03-23 8:25:46 - PHP Notice:  Undefined variable: product_id in C:\xampp\htdocs\opencart\catalog\view\theme\default\template\common\search_home.tpl on line 153
2015-03-23 8:25:46 - PHP Notice:  Undefined variable: product_id in C:\xampp\htdocs\opencart\catalog\view\theme\default\template\common\search_home.tpl on line 157
2015-03-23 10:35:57 - PHP Notice:  Undefined variable: product_id in C:\xampp\htdocs\opencart\catalog\view\theme\default\template\common\home.tpl on line 94
2015-03-23 10:35:57 - PHP Notice:  Undefined variable: product_id in C:\xampp\htdocs\opencart\catalog\view\theme\default\template\common\home.tpl on line 97
2015-03-23 10:37:57 - PHP Notice:  Undefined variable: product_id in C:\xampp\htdocs\opencart\catalog\view\theme\default\template\common\home.tpl on line 94
2015-03-23 10:37:57 - PHP Notice:  Undefined variable: product_id in C:\xampp\htdocs\opencart\catalog\view\theme\default\template\common\home.tpl on line 97
2015-03-23 14:45:26 - PHP Notice:  Undefined variable: option in C:\xampp\htdocs\opencart\catalog\view\theme\default\template\common\search_home.tpl on line 10
2015-03-23 19:14:11 - PHP Notice:  Undefined index: product_id in C:\xampp\htdocs\opencart\catalog\controller\common\home.php on line 21
2015-03-23 19:14:11 - PHP Notice:  Undefined variable: option in C:\xampp\htdocs\opencart\catalog\view\theme\default\template\common\home.tpl on line 2
2015-03-23 19:15:21 - PHP Notice:  Undefined index: product_id in C:\xampp\htdocs\opencart\catalog\controller\common\home.php on line 21
2015-03-23 19:15:40 - PHP Notice:  Undefined index: product_id in C:\xampp\htdocs\opencart\catalog\controller\common\home.php on line 21
2015-03-23 19:25:04 - PHP Notice:  Undefined variable: text_select in C:\xampp\htdocs\opencart\catalog\view\theme\default\template\common\search_home.tpl on line 21
2015-03-23 21:01:04 - PHP Notice:  Use of undefined constant GET - assumed 'GET' in C:\xampp\htdocs\opencart\catalog\view\theme\default\template\common\header.tpl on line 88
2015-03-23 21:01:04 - PHP Warning:  Illegal string offset 'route' in C:\xampp\htdocs\opencart\catalog\view\theme\default\template\common\header.tpl on line 88
2015-03-23 21:21:46 - PHP Notice:  Undefined index: background in C:\xampp\htdocs\opencart\catalog\controller\common\header.php on line 144
2015-03-23 21:21:46 - PHP Notice:  Undefined variable: background in C:\xampp\htdocs\opencart\catalog\view\theme\default\template\common\header.tpl on line 88
2015-03-23 21:22:18 - PHP Notice:  Undefined variable: background in C:\xampp\htdocs\opencart\catalog\view\theme\default\template\common\header.tpl on line 88
2015-03-24 11:14:11 - PHP Notice:  Undefined index: route in C:\xampp\htdocs\opencart\catalog\controller\common\header.php on line 143
2015-03-24 11:16:57 - PHP Notice:  Undefined index: route in C:\xampp\htdocs\opencart\catalog\controller\common\header.php on line 143
